This is pdfTeX, Version 3.14159265-2.6-1.40.21 (TeX Live 2020/Arch Linux) (preloaded format=pdflatex 2021.4.29)  16 MAY 2021 22:37
entering extended mode
 restricted \write18 enabled.
 file:line:error style messages enabled.
 %&-line parsing enabled.
**/home/yijerloh/Documents/part_iii_project/project/final_report/final_report_1.tex
(/home/yijerloh/Documents/part_iii_project/project/final_report/final_report_1.tex
LaTeX2e <2020-10-01> patch level 2
L3 programming layer <2020-12-03> xparse <2020-03-03> (/usr/share/texmf-dist/tex/latex/revtex/revtex4-2.cls
Document Class: revtex4-2 2020/10/03 4.2e (https://journals.aps.org/revtex/ for documentation)
 Copyright (c) 2019 American Physical Society.
 mailto:revtex@aps.org
 Licensed under the LPPL:
http://www.ctan.org/tex-archive/macros/latex/base/lppl.txt
 Arthur Ogawa <arthur_ogawa at sbcglobal dot net>
 Based on work by David Carlisle <david at dcarlisle.demon.co.uk>
 Version (4.2d,4.2e): Modified by Mark Doyle and Phelype Oleinik
 .
ltxutil[2020/10/03 4.2e utilities package (portions licensed from W. E. Baxter web at superscript.com)]
LaTeX Info: Redefining \@centercr on input line 356.
Class revtex4-2 Info: Repairing broken LaTeX eqnarray on input line 406.
\eqncolsep=\skip47
Class revtex4-2 Info: Repairing hyperref-unfriendly LaTeX definition of \mpfootnote on input line 481.
Class revtex4-2 Info: Repairing broken LateX \@sect on input line 803.
\intertabularlinepenalty=\count177
\@tbpen=\count178
\@arstrutbox@hline=\box47
Class revtex4-2 Info: Repairing broken LaTeX \@xbitor on input line 1834.
Class revtex4-2 Info: Making \typeout \long on input line 2099.
ltxfront[2020/10/03 4.2e frontmatter package (AO,DPC,MD)]
\c@affil=\count179
\c@collab=\count180
\absbox=\box48
ltxgrid[2020/10/03 4.2e page grid package (portions licensed from W. E. Baxter web at superscript.com)]
\c@linecount=\count181
\output@latex=\toks15
\box@size@1=\box49
\box@size@2=\box50
\@protection@box=\box51
\@topmark@saved=\toks16
\footins@saved=\box52
\footins@recovered=\box53
\column@recovered=\box54
\pagesofar=\box55
\footsofar=\box56
\pagegrid@col=\count182
Class revtex4-2 Info: Overriding \@vspace, \@vspacer, \@no@pgbk, \@newline, and \\  on input line 5665.
\c@part=\count183
\c@section=\count184
\c@subsection=\count185
\c@subsubsection=\count186
\c@paragraph=\count187
\c@subparagraph=\count188
\abovecaptionskip=\skip48
\belowcaptionskip=\skip49
\c@figure=\count189
\fbox@1=\box57
\c@table=\count190
\fbox@2=\box58
\c@video=\count191
\fbox@4=\box59
\@bibdataout=\write3
\widetext@top=\box60
\widetext@bot=\box61
Class revtex4-2 Info: Selecting society aps on input line 7658.
(/usr/share/texmf-dist/tex/latex/revtex/aps4-2.rtx
File: aps4-2 2020/10/03 4.2e (https://journals.aps.org/revtex/ for documentation)
Class revtex4-2 Info: RevTeX society APS selected on input line 40.
)

Class revtex4-2 Warning: No journal specified, using default pra.

Class revtex4-2 Info: APS journal PRA selected on input line 7661.
(/usr/share/texmf-dist/tex/latex/revtex/aps10pt4-2.rtx
File: aps10pt4-2 2020/10/03 4.2e (https://journals.aps.org/revtex/ for documentation)
Class revtex4-2 Info: RevTeX pointsize 10pt selected on input line 39.
) (/usr/share/texmf-dist/tex/latex/textcase/textcase.sty
Package: textcase 2019/09/14 v1.00 Text only upper/lower case changing (DPC)
) (/usr/share/texmf-dist/tex/latex/amsfonts/amssymb.sty
Package: amssymb 2013/01/14 v3.01 AMS font symbols
 (/usr/share/texmf-dist/tex/latex/amsfonts/amsfonts.sty
Package: amsfonts 2013/01/14 v3.01 Basic AMSFonts support
\@emptytoks=\toks17
\symAMSa=\mathgroup4
\symAMSb=\mathgroup5
LaTeX Font Info:    Redeclaring math symbol \hbar on input line 98.
LaTeX Font Info:    Overwriting math alphabet `\mathfrak' in version `bold'
(Font)                  U/euf/m/n --> U/euf/b/n on input line 106.
)) (/usr/share/texmf-dist/tex/latex/amsmath/amsmath.sty
Package: amsmath 2020/09/23 v2.17i AMS math features
\@mathmargin=\skip50

For additional information on amsmath, use the `?' option.
(/usr/share/texmf-dist/tex/latex/amsmath/amstext.sty
Package: amstext 2000/06/29 v2.01 AMS text
 (/usr/share/texmf-dist/tex/latex/amsmath/amsgen.sty
File: amsgen.sty 1999/11/30 v2.0 generic functions
\@emptytoks=\toks18
\ex@=\dimen138
)
LaTeX Info: Redefining \text on input line 28.
) (/usr/share/texmf-dist/tex/latex/amsmath/amsbsy.sty
Package: amsbsy 1999/11/29 v1.2d Bold Symbols
\pmbraise@=\dimen139
) (/usr/share/texmf-dist/tex/latex/amsmath/amsopn.sty
Package: amsopn 2016/03/08 v2.02 operator names
)
\inf@bad=\count192
LaTeX Info: Redefining \frac on input line 234.
\uproot@=\count193
\leftroot@=\count194
LaTeX Info: Redefining \overline on input line 399.
\classnum@=\count195
\DOTSCASE@=\count196
LaTeX Info: Redefining \ldots on input line 496.
LaTeX Info: Redefining \dots on input line 499.
LaTeX Info: Redefining \cdots on input line 620.
\Mathstrutbox@=\box62
\strutbox@=\box63
\big@size=\dimen140
LaTeX Font Info:    Redeclaring font encoding OML on input line 743.
LaTeX Font Info:    Redeclaring font encoding OMS on input line 744.
\macc@depth=\count197
\c@MaxMatrixCols=\count198
\dotsspace@=\muskip16
\c@parentequation=\count199
\dspbrk@lvl=\count266
\tag@help=\toks19
\row@=\count267
\column@=\count268
\maxfields@=\count269
\andhelp@=\toks20
\eqnshift@=\dimen141
\alignsep@=\dimen142
\tagshift@=\dimen143
\tagwidth@=\dimen144
\totwidth@=\dimen145
\lineht@=\dimen146
\@envbody=\toks21
\multlinegap=\skip51
\multlinetaggap=\skip52
\mathdisplay@stack=\toks22
LaTeX Info: Redefining \[ on input line 2923.
LaTeX Info: Redefining \] on input line 2924.
) (/usr/share/texmf-dist/tex/latex/url/url.sty
\Urlmuskip=\muskip17
Package: url 2013/09/16  ver 3.4  Verb mode for urls, etc.
) (/usr/share/texmf-dist/tex/latex/natbib/natbib.sty
Package: natbib 2010/09/13 8.31b (PWD, AO)
\bibhang=\skip53
\bibsep=\skip54
LaTeX Info: Redefining \cite on input line 694.
\c@NAT@ctr=\count270
)
Class revtex4-2 Info: Repairing natbib's \BibitemShut on input line 7665.
 (/usr/share/texmf-dist/tex/latex/revtex/revsymb4-2.sty
Package: revsymb4-2 2020/10/03 4.2e (https://journals.aps.org/revtex/ for documentation)
LaTeX Info: Redefining \frak on input line 104.
LaTeX Info: Redefining \Bbb on input line 120.
LaTeX Info: Redefining \REV@mathfrak on input line 128.
)) (/usr/share/texmf-dist/tex/latex/graphics/graphicx.sty
Package: graphicx 2020/09/09 v1.2b Enhanced LaTeX Graphics (DPC,SPQR)
 (/usr/share/texmf-dist/tex/latex/graphics/keyval.sty
Package: keyval 2014/10/28 v1.15 key=value parser (DPC)
\KV@toks@=\toks23
) (/usr/share/texmf-dist/tex/latex/graphics/graphics.sty
Package: graphics 2020/08/30 v1.4c Standard LaTeX Graphics (DPC,SPQR)
 (/usr/share/texmf-dist/tex/latex/graphics/trig.sty
Package: trig 2016/01/03 v1.10 sin cos tan (DPC)
) (/usr/share/texmf-dist/tex/latex/graphics-cfg/graphics.cfg
File: graphics.cfg 2016/06/04 v1.11 sample graphics configuration
)
Package graphics Info: Driver file: pdftex.def on input line 105.
 (/usr/share/texmf-dist/tex/latex/graphics-def/pdftex.def
File: pdftex.def 2020/10/05 v1.2a Graphics/color driver for pdftex
))
\Gin@req@height=\dimen147
\Gin@req@width=\dimen148
) (/usr/share/texmf-dist/tex/latex/tools/dcolumn.sty
Package: dcolumn 2014/10/28 v1.06 decimal alignment package (DPC)
 (/usr/share/texmf-dist/tex/latex/tools/array.sty
Package: array 2020/10/01 v2.5c Tabular extension package (FMi)
\col@sep=\dimen149
\ar@mcellbox=\box64
\extrarowheight=\dimen150
\NC@list=\toks24
\extratabsurround=\skip55
\backup@length=\skip56
\ar@cellbox=\box65
)) (/usr/share/texmf-dist/tex/latex/tools/bm.sty
Package: bm 2019/07/24 v1.2d Bold Symbol Support (DPC/FMi)
\symboldoperators=\mathgroup6
\symboldletters=\mathgroup7
\symboldsymbols=\mathgroup8
LaTeX Font Info:    Redeclaring math alphabet \mathbf on input line 141.
LaTeX Info: Redefining \bm on input line 209.
) (/usr/share/texmf-dist/tex/latex/algorithms/algorithm.sty
Package: algorithm 2009/08/24 v0.1 Document Style `algorithm' - floating environment
 (/usr/share/texmf-dist/tex/latex/float/float.sty
Package: float 2001/11/08 v1.3d Float enhancements (AL)
\c@float@type=\count271
\float@exts=\toks25
\float@box=\box66
\@float@everytoks=\toks26
\@floatcapt=\box67
) (/usr/share/texmf-dist/tex/latex/base/ifthen.sty
Package: ifthen 2014/09/29 v1.1c Standard LaTeX ifthen package (DPC)
)
\@float@every@algorithm=\toks27
\c@algorithm=\count272
) (/usr/share/texmf-dist/tex/latex/algorithmicx/algpseudocode.sty
Package: algpseudocode 
 (/usr/share/texmf-dist/tex/latex/algorithmicx/algorithmicx.sty
Package: algorithmicx 2005/04/27 v1.2 Algorithmicx

Document Style algorithmicx 1.2 - a greatly improved `algorithmic' style
\c@ALG@line=\count273
\c@ALG@rem=\count274
\c@ALG@nested=\count275
\ALG@tlm=\skip57
\ALG@thistlm=\skip58
\c@ALG@Lnr=\count276
\c@ALG@blocknr=\count277
\c@ALG@storecount=\count278
\c@ALG@tmpcounter=\count279
\ALG@tmplength=\skip59
)
Document Style - pseudocode environments for use with the `algorithmicx' style
)
Class revtex4-2 Info: Unrecognized array package. Please update this document class! (Proceeding with fingers crossed.) on input line 61.


Class revtex4-2 Warning: Repair the float package.

Class revtex4-2 Info: cite was not loaded (OK!) on input line 61.
Class revtex4-2 Info: mcite was not loaded (OK!) on input line 61.
Class revtex4-2 Info: multicol was not loaded (OK!) on input line 61.
(/usr/share/texmf-dist/tex/latex/l3backend/l3backend-pdftex.def
File: l3backend-pdftex.def 2020-09-24 L3 backend support: PDF output (pdfTeX)
\l__kernel_color_stack_int=\count280
\l__pdf_internal_box=\box68
) (/home/yijerloh/Documents/part_iii_project/project/final_report/final_report_1.aux)
LaTeX Font Info:    Checking defaults for OML/cmm/m/it on input line 61.
LaTeX Font Info:    ... okay on input line 61.
LaTeX Font Info:    Checking defaults for OMS/cmsy/m/n on input line 61.
LaTeX Font Info:    ... okay on input line 61.
LaTeX Font Info:    Checking defaults for OT1/cmr/m/n on input line 61.
LaTeX Font Info:    ... okay on input line 61.
LaTeX Font Info:    Checking defaults for T1/cmr/m/n on input line 61.
LaTeX Font Info:    ... okay on input line 61.
LaTeX Font Info:    Checking defaults for TS1/cmr/m/n on input line 61.
LaTeX Font Info:    ... okay on input line 61.
LaTeX Font Info:    Checking defaults for OMX/cmex/m/n on input line 61.
LaTeX Font Info:    ... okay on input line 61.
LaTeX Font Info:    Checking defaults for U/cmr/m/n on input line 61.
LaTeX Font Info:    ... okay on input line 61.
 (/usr/share/texmf-dist/tex/context/base/mkii/supp-pdf.mkii
[Loading MPS to PDF converter (version 2006.09.02).]
\scratchcounter=\count281
\scratchdimen=\dimen151
\scratchbox=\box69
\nofMPsegments=\count282
\nofMParguments=\count283
\everyMPshowfont=\toks28
\MPscratchCnt=\count284
\MPscratchDim=\dimen152
\MPnumerator=\count285
\makeMPintoPDFobject=\count286
\everyMPtoPDFconversion=\toks29
) (/usr/share/texmf-dist/tex/latex/epstopdf-pkg/epstopdf-base.sty
Package: epstopdf-base 2020-01-24 v2.11 Base part for package epstopdf
Package epstopdf-base Info: Redefining graphics rule for `.eps' on input line 485.
 (/usr/share/texmf-dist/tex/latex/latexconfig/epstopdf-sys.cfg
File: epstopdf-sys.cfg 2010/07/13 v1.3 Configuration of (r)epstopdf for TeX Live
))
LaTeX Font Info:    Trying to load font information for U+msa on input line 74.
 (/usr/share/texmf-dist/tex/latex/amsfonts/umsa.fd
File: umsa.fd 2013/01/14 v3.01 AMS symbols A
)
LaTeX Font Info:    Trying to load font information for U+msb on input line 74.
 (/usr/share/texmf-dist/tex/latex/amsfonts/umsb.fd
File: umsb.fd 2013/01/14 v3.01 AMS symbols B
)

Class revtex4-2 Warning: Assuming \noaffiliation for authors.

<../plots/H0 tension.png, id=1, 289.08pt x 252.945pt>
File: ../plots/H0 tension.png Graphic file (type png)
<use ../plots/H0 tension.png>
Package pdftex.def Info: ../plots/H0 tension.png  used on input line 93.
(pdftex.def)             Requested size: 196.80075pt x 172.20102pt.
[1{/var/lib/texmf/fonts/map/pdftex/updmap/pdftex.map} </home/yijerloh/Documents/part_iii_project/project/final_report/../plots/H0 tension.png>]
<../plots/omegam_sigma8.png, id=22, 289.08pt x 252.945pt>
File: ../plots/omegam_sigma8.png Graphic file (type png)
<use ../plots/omegam_sigma8.png>
Package pdftex.def Info: ../plots/omegam_sigma8.png  used on input line 109.
(pdftex.def)             Requested size: 221.3985pt x 193.72229pt.
 [2 </home/yijerloh/Documents/part_iii_project/project/final_report/../plots/omegam_sigma8.png>]
Underfull \hbox (badness 1769) in paragraph at lines 186--187
\OT1/cmr/m/n/10 com-plex-ity to the ten-sion co-or-di-nate. In-stead of
 []

<images/nn.png, id=29, 2007.5pt x 1550.79375pt>
File: images/nn.png Graphic file (type png)
<use images/nn.png>
Package pdftex.def Info: images/nn.png  used on input line 202.
(pdftex.def)             Requested size: 196.80075pt x 152.01224pt.
[3]

LaTeX Warning: A float is stuck (cannot be placed); try class option [floatfix] on input line 215.


Underfull \hbox (badness 5862) in paragraph at lines 254--255
 []$\OML/cmm/m/it/9 optim \OMS/cmsy/m/n/9  $ \OT1/cmr/m/n/9 AdamOptimizer($\OML/cmm/m/it/9 net:parameters\OT1/cmr/m/n/9 ()$, learn-
 []

[4 </home/yijerloh/Documents/part_iii_project/project/final_report/images/nn.png

pdfTeX warning: pdflatex (file /home/yijerloh/Documents/part_iii_project/project/final_report/images/nn.png): large interlaced PNG might cause out of memory (use non-interlaced PNG to fix this)
>]
<../plots/toy_wide.png, id=40, 722.7pt x 325.215pt>
File: ../plots/toy_wide.png Graphic file (type png)
<use ../plots/toy_wide.png>
Package pdftex.def Info: ../plots/toy_wide.png  used on input line 275.
(pdftex.def)             Requested size: 458.99689pt x 206.54892pt.
 [5] [6 </home/yijerloh/Documents/part_iii_project/project/final_report/../plots/toy_wide.png>]
Underfull \hbox (badness 1609) in paragraph at lines 371--371
[]\OT1/cmr/m/n/9 TABLE I. The quan-ti-ties re-lated to the six-parameter
 []

<../plots/six_1d_compare.png, id=51, 289.08pt x 433.62pt>
File: ../plots/six_1d_compare.png Graphic file (type png)
<use ../plots/six_1d_compare.png>
Package pdftex.def Info: ../plots/six_1d_compare.png  used on input line 376.
(pdftex.def)             Requested size: 196.80075pt x 295.20175pt.
<../plots/grads.png, id=52, 289.08pt x 252.945pt>
File: ../plots/grads.png Graphic file (type png)
<use ../plots/grads.png>
Package pdftex.def Info: ../plots/grads.png  used on input line 385.
(pdftex.def)             Requested size: 196.80075pt x 172.20102pt.
<../plots/six.png, id=53, 722.7pt x 722.7pt>
File: ../plots/six.png Graphic file (type png)
<use ../plots/six.png>
Package pdftex.def Info: ../plots/six.png  used on input line 392.
(pdftex.def)             Requested size: 510.0pt x 509.9998pt.

Underfull \hbox (badness 10000) in paragraph at lines 394--394

 []


Underfull \hbox (badness 10000) in paragraph at lines 394--394

 []

[7 </home/yijerloh/Documents/part_iii_project/project/final_report/../plots/six_1d_compare.png>]

LaTeX Warning: A float is stuck (cannot be placed); try class option [floatfix] on input line 402.

<../plots/pairs.png, id=59, 722.7pt x 722.7pt>
File: ../plots/pairs.png Graphic file (type png)
<use ../plots/pairs.png>
Package pdftex.def Info: ../plots/pairs.png  used on input line 452.
(pdftex.def)             Requested size: 510.0pt x 509.9998pt.

Underfull \hbox (badness 10000) in paragraph at lines 454--454

 []


Underfull \hbox (badness 10000) in paragraph at lines 454--454

 []

[8 </home/yijerloh/Documents/part_iii_project/project/final_report/../plots/grads.png>] [9 </home/yijerloh/Documents/part_iii_project/project/final_report/../plots/six.png>]

LaTeX Warning: A float is stuck (cannot be placed); try class option [floatfix] on input line 472.

[10 </home/yijerloh/Documents/part_iii_project/project/final_report/../plots/pairs.png>]

LaTeX Warning: A float is stuck (cannot be placed); try class option [floatfix] on input line 472.

[11] (/home/yijerloh/Documents/part_iii_project/project/final_report/final_report_1.bbl
Underfull \hbox (badness 3849) in paragraph at lines 218--225
 []\OT1/cmr/m/n/9 W. Han-d-ley, Cur-va-ture ten-sion: Ev-i-dence for a
 []


Underfull \hbox (badness 6961) in paragraph at lines 218--225
 \OT1/cmr/m/n/9 revd.103.l041301 (2021), $\OT1/cmtt/m/n/9 https : / / doi . org / 10 . 1103 /
 []


Underfull \hbox (badness 10000) in paragraph at lines 229--237
 []\OT1/cmr/m/n/9 W. Han-d-ley and P. Lemos, Quan-ti-fy-ing ten-
 []


Underfull \hbox (badness 10000) in paragraph at lines 229--237
 \OT1/cmr/m/n/9 sions in cos-mo-log-i-cal pa-ram-e-ters: In-ter-pret-
 []


Underfull \hbox (badness 10000) in paragraph at lines 229--237
 \OT1/cmr/m/n/9 ing the DES ev-i-dence ra-tio, Phys-i-cal Re-view
 []


Underfull \hbox (badness 10000) in paragraph at lines 229--237
 \OT1/cmr/m/n/9 D \OT1/cmr/bx/n/9 100\OT1/cmr/m/n/9 , 10.1103/phys-revd.100.043504 (2019),
 []


Underfull \hbox (badness 6741) in paragraph at lines 250--258
 []\OT1/cmr/m/n/9 R. Trotta, Bayes in the sky: Bayesian in-fer-
 []


Underfull \hbox (badness 1377) in paragraph at lines 250--258
 \OT1/cmr/m/n/9 ence and model se-lec-tion in cos-mol-ogy, Con-tem-po-
 []


Underfull \hbox (badness 2653) in paragraph at lines 263--272
 \OT1/cmr/m/n/9 ev-i-dence as a tool for com-par-ing datasets, Phys.
 []

[12]
Underfull \hbox (badness 4001) in paragraph at lines 391--396
 []\OT1/cmr/m/n/9 W. Han-d-ley and P. Lemos, Quan-ti-fy-ing ten-sions
 []


Underfull \hbox (badness 2205) in paragraph at lines 391--396
 \OT1/cmr/m/n/9 in cos-mo-log-i-cal pa-ram-e-ters: In-ter-pret-ing the DES
 []


Underfull \hbox (badness 4595) in paragraph at lines 391--396
 \OT1/cmr/m/n/9 ev-i-dence ra-tio (sup-ple-men-tary in-fer-ence prod-ucts),
 []


Underfull \hbox (badness 1092) in paragraph at lines 433--442
 \OT1/cmr/m/n/9 ods for in-ter-pret-ing and un-der-stand-ing deep neu-ral
 []


Underfull \hbox (badness 3260) in paragraph at lines 433--442
 \OT1/cmr/m/n/9 net-works, Dig-i-tal Sig-nal Pro-cess-ing \OT1/cmr/bx/n/9 73\OT1/cmr/m/n/9 , 1 (2018),
 []


Underfull \hbox (badness 10000) in paragraph at lines 433--442
 \OT1/cmtt/m/n/9 https : / / www . sciencedirect . com / science / article /
 []

) [13] (/home/yijerloh/Documents/part_iii_project/project/final_report/final_report_1.aux) ) 
Here is how much of TeX's memory you used:
 5305 strings out of 479383
 71260 string characters out of 5875830
 393202 words of memory out of 5000000
 22338 multiletter control sequences out of 15000+600000
 414764 words of font info for 69 fonts, out of 8000000 for 9000
 1141 hyphenation exceptions out of 8191
 79i,13n,85p,1535b,421s stack positions out of 5000i,500n,10000p,200000b,80000s
</usr/share/texmf-dist/fonts/type1/public/amsfonts/cm/cmbx10.pfb></usr/share/texmf-dist/fonts/type1/public/amsfonts/cm/cmbx12.pfb></usr/share/texmf-dist/fonts/type1/public/amsfonts/cm/cmbx9.pfb></usr/share/texmf-dist/fonts/type1/public/amsfonts/cm/cmex10.pfb></usr/share/texmf-dist/fonts/type1/public/amsfonts/cm/cmmi10.pfb></usr/share/texmf-dist/fonts/type1/public/amsfonts/cm/cmmi6.pfb></usr/share/texmf-dist/fonts/type1/public/amsfonts/cm/cmmi7.pfb></usr/share/texmf-dist/fonts/type1/public/amsfonts/cm/cmmi9.pfb></usr/share/texmf-dist/fonts/type1/public/amsfonts/cm/cmr10.pfb></usr/share/texmf-dist/fonts/type1/public/amsfonts/cm/cmr5.pfb></usr/share/texmf-dist/fonts/type1/public/amsfonts/cm/cmr6.pfb></usr/share/texmf-dist/fonts/type1/public/amsfonts/cm/cmr7.pfb></usr/share/texmf-dist/fonts/type1/public/amsfonts/cm/cmr8.pfb></usr/share/texmf-dist/fonts/type1/public/amsfonts/cm/cmr9.pfb></usr/share/texmf-dist/fonts/type1/public/amsfonts/cm/cmsy10.pfb></usr/share/texmf-dist/fonts/type1/public/amsfonts/cm/cmsy5.pfb></usr/share/texmf-dist/fonts/type1/public/amsfonts/cm/cmsy6.pfb></usr/share/texmf-dist/fonts/type1/public/amsfonts/cm/cmsy7.pfb></usr/share/texmf-dist/fonts/type1/public/amsfonts/cm/cmsy9.pfb></usr/share/texmf-dist/fonts/type1/public/amsfonts/cm/cmti10.pfb></usr/share/texmf-dist/fonts/type1/public/amsfonts/cm/cmti9.pfb></usr/share/texmf-dist/fonts/type1/public/amsfonts/cm/cmtt10.pfb></usr/share/texmf-dist/fonts/type1/public/amsfonts/cm/cmtt9.pfb>
Output written on /home/yijerloh/Documents/part_iii_project/project/final_report/final_report_1.pdf (13 pages, 4870855 bytes).
PDF statistics:
 157 PDF objects out of 1000 (max. 8388607)
 101 compressed objects within 2 object streams
 0 named destinations out of 1000 (max. 500000)
 41 words of extra memory for PDF output out of 10000 (max. 10000000)

